<?xml version="1.0" encoding="UTF-8"?>
<coverage generated="1605597336480" clover="3.2.0">
  <project timestamp="1605597336481" name="All files">
    <metrics statements="37" coveredstatements="37" conditionals="20" coveredconditionals="20" methods="9" coveredmethods="9" elements="66" coveredelements="66" complexity="0" loc="37" ncloc="37" packages="1" files="1" classes="1"/>
    <file name="LinkedList.js" path="C:\Users\ysun6\projects\practice\linked-list\LinkedList.js">
      <metrics statements="37" coveredstatements="37" conditionals="20" coveredconditionals="20" methods="9" coveredmethods="9"/>
      <line num="3" count="46" type="stmt"/>
      <line num="4" count="46" type="stmt"/>
      <line num="10" count="17" type="stmt"/>
      <line num="11" count="17" type="stmt"/>
      <line num="15" count="45" type="stmt"/>
      <line num="16" count="45" type="stmt"/>
      <line num="17" count="45" type="stmt"/>
      <line num="21" count="15" type="stmt"/>
      <line num="22" count="42" type="stmt"/>
      <line num="27" count="8" type="cond" truecount="4" falsecount="0"/>
      <line num="28" count="6" type="cond" truecount="2" falsecount="0"/>
      <line num="30" count="5" type="stmt"/>
      <line num="32" count="5" type="stmt"/>
      <line num="33" count="5" type="stmt"/>
      <line num="36" count="5" type="stmt"/>
      <line num="40" count="2" type="cond" truecount="2" falsecount="0"/>
      <line num="42" count="2" type="stmt"/>
      <line num="43" count="2" type="stmt"/>
      <line num="44" count="2" type="stmt"/>
      <line num="45" count="3" type="stmt"/>
      <line num="46" count="3" type="stmt"/>
      <line num="49" count="2" type="stmt"/>
      <line num="53" count="4" type="cond" truecount="2" falsecount="0"/>
      <line num="54" count="3" type="cond" truecount="2" falsecount="0"/>
      <line num="55" count="2" type="cond" truecount="2" falsecount="0"/>
      <line num="57" count="1" type="stmt"/>
      <line num="58" count="1" type="stmt"/>
      <line num="59" count="1" type="stmt"/>
      <line num="63" count="2" type="stmt"/>
      <line num="64" count="2" type="stmt"/>
      <line num="68" count="4" type="cond" truecount="2" falsecount="0"/>
      <line num="69" count="3" type="cond" truecount="2" falsecount="0"/>
      <line num="70" count="2" type="cond" truecount="2" falsecount="0"/>
      <line num="72" count="1" type="stmt"/>
      <line num="73" count="1" type="stmt"/>
      <line num="74" count="1" type="stmt"/>
      <line num="78" count="1" type="stmt"/>
    </file>
  </project>
</coverage>
