{"C:\\Users\\ysun6\\projects\\practice\\linked-list\\LinkedList.js": {"path":"C:\\Users\\ysun6\\projects\\practice\\linked-list\\LinkedList.js","statementMap":{"0":{"start":{"line":3,"column":4},"end":{"line":3,"column":19}},"1":{"start":{"line":4,"column":4},"end":{"line":4,"column":21}},"2":{"start":{"line":10,"column":4},"end":{"line":10,"column":21}},"3":{"start":{"line":11,"column":4},"end":{"line":11,"column":20}},"4":{"start":{"line":15,"column":20},"end":{"line":15,"column":48}},"5":{"start":{"line":16,"column":4},"end":{"line":16,"column":24}},"6":{"start":{"line":17,"column":4},"end":{"line":17,"column":18}},"7":{"start":{"line":21,"column":4},"end":{"line":23,"column":5}},"8":{"start":{"line":21,"column":17},"end":{"line":21,"column":31}},"9":{"start":{"line":22,"column":6},"end":{"line":22,"column":32}},"10":{"start":{"line":27,"column":4},"end":{"line":27,"column":55}},"11":{"start":{"line":27,"column":43},"end":{"line":27,"column":55}},"12":{"start":{"line":28,"column":4},"end":{"line":28,"column":38}},"13":{"start":{"line":28,"column":21},"end":{"line":28,"column":38}},"14":{"start":{"line":30,"column":15},"end":{"line":30,"column":24}},"15":{"start":{"line":32,"column":4},"end":{"line":34,"column":5}},"16":{"start":{"line":32,"column":17},"end":{"line":32,"column":18}},"17":{"start":{"line":33,"column":6},"end":{"line":33,"column":23}},"18":{"start":{"line":36,"column":4},"end":{"line":36,"column":16}},"19":{"start":{"line":40,"column":4},"end":{"line":40,"column":57}},"20":{"start":{"line":40,"column":20},"end":{"line":40,"column":57}},"21":{"start":{"line":42,"column":15},"end":{"line":42,"column":24}},"22":{"start":{"line":43,"column":17},"end":{"line":43,"column":19}},"23":{"start":{"line":44,"column":4},"end":{"line":47,"column":5}},"24":{"start":{"line":45,"column":6},"end":{"line":45,"column":34}},"25":{"start":{"line":46,"column":6},"end":{"line":46,"column":23}},"26":{"start":{"line":49,"column":4},"end":{"line":49,"column":33}},"27":{"start":{"line":53,"column":4},"end":{"line":53,"column":78}},"28":{"start":{"line":53,"column":19},"end":{"line":53,"column":78}},"29":{"start":{"line":54,"column":4},"end":{"line":54,"column":74}},"30":{"start":{"line":54,"column":29},"end":{"line":54,"column":74}},"31":{"start":{"line":55,"column":4},"end":{"line":55,"column":51}},"32":{"start":{"line":55,"column":21},"end":{"line":55,"column":51}},"33":{"start":{"line":57,"column":17},"end":{"line":57,"column":47}},"34":{"start":{"line":58,"column":4},"end":{"line":58,"column":45}},"35":{"start":{"line":59,"column":4},"end":{"line":59,"column":18}},"36":{"start":{"line":63,"column":4},"end":{"line":63,"column":31}},"37":{"start":{"line":64,"column":4},"end":{"line":64,"column":18}},"38":{"start":{"line":68,"column":4},"end":{"line":68,"column":78}},"39":{"start":{"line":68,"column":19},"end":{"line":68,"column":78}},"40":{"start":{"line":69,"column":4},"end":{"line":69,"column":74}},"41":{"start":{"line":69,"column":29},"end":{"line":69,"column":74}},"42":{"start":{"line":70,"column":4},"end":{"line":70,"column":48}},"43":{"start":{"line":70,"column":21},"end":{"line":70,"column":48}},"44":{"start":{"line":72,"column":17},"end":{"line":72,"column":47}},"45":{"start":{"line":73,"column":4},"end":{"line":73,"column":31}},"46":{"start":{"line":74,"column":4},"end":{"line":74,"column":18}},"47":{"start":{"line":78,"column":0},"end":{"line":78,"column":28}}},"fnMap":{"0":{"name":"(anonymous_0)","decl":{"start":{"line":2,"column":2},"end":{"line":2,"column":3}},"loc":{"start":{"line":2,"column":25},"end":{"line":5,"column":3}},"line":2},"1":{"name":"(anonymous_1)","decl":{"start":{"line":9,"column":2},"end":{"line":9,"column":3}},"loc":{"start":{"line":9,"column":16},"end":{"line":12,"column":3}},"line":9},"2":{"name":"(anonymous_2)","decl":{"start":{"line":14,"column":2},"end":{"line":14,"column":3}},"loc":{"start":{"line":14,"column":20},"end":{"line":18,"column":3}},"line":14},"3":{"name":"(anonymous_3)","decl":{"start":{"line":20,"column":2},"end":{"line":20,"column":3}},"loc":{"start":{"line":20,"column":18},"end":{"line":24,"column":3}},"line":20},"4":{"name":"(anonymous_4)","decl":{"start":{"line":26,"column":2},"end":{"line":26,"column":3}},"loc":{"start":{"line":26,"column":24},"end":{"line":37,"column":3}},"line":26},"5":{"name":"(anonymous_5)","decl":{"start":{"line":39,"column":2},"end":{"line":39,"column":3}},"loc":{"start":{"line":39,"column":10},"end":{"line":50,"column":3}},"line":39},"6":{"name":"(anonymous_6)","decl":{"start":{"line":52,"column":2},"end":{"line":52,"column":3}},"loc":{"start":{"line":52,"column":28},"end":{"line":60,"column":3}},"line":52},"7":{"name":"(anonymous_7)","decl":{"start":{"line":62,"column":2},"end":{"line":62,"column":3}},"loc":{"start":{"line":62,"column":17},"end":{"line":65,"column":3}},"line":62},"8":{"name":"(anonymous_8)","decl":{"start":{"line":67,"column":2},"end":{"line":67,"column":3}},"loc":{"start":{"line":67,"column":23},"end":{"line":75,"column":3}},"line":67}},"branchMap":{"0":{"loc":{"start":{"line":27,"column":4},"end":{"line":27,"column":55}},"type":"if","locations":[{"start":{"line":27,"column":4},"end":{"line":27,"column":55}},{"start":{"line":27,"column":4},"end":{"line":27,"column":55}}],"line":27},"1":{"loc":{"start":{"line":27,"column":8},"end":{"line":27,"column":41}},"type":"binary-expr","locations":[{"start":{"line":27,"column":8},"end":{"line":27,"column":17}},{"start":{"line":27,"column":21},"end":{"line":27,"column":41}}],"line":27},"2":{"loc":{"start":{"line":28,"column":4},"end":{"line":28,"column":38}},"type":"if","locations":[{"start":{"line":28,"column":4},"end":{"line":28,"column":38}},{"start":{"line":28,"column":4},"end":{"line":28,"column":38}}],"line":28},"3":{"loc":{"start":{"line":40,"column":4},"end":{"line":40,"column":57}},"type":"if","locations":[{"start":{"line":40,"column":4},"end":{"line":40,"column":57}},{"start":{"line":40,"column":4},"end":{"line":40,"column":57}}],"line":40},"4":{"loc":{"start":{"line":53,"column":4},"end":{"line":53,"column":78}},"type":"if","locations":[{"start":{"line":53,"column":4},"end":{"line":53,"column":78}},{"start":{"line":53,"column":4},"end":{"line":53,"column":78}}],"line":53},"5":{"loc":{"start":{"line":54,"column":4},"end":{"line":54,"column":74}},"type":"if","locations":[{"start":{"line":54,"column":4},"end":{"line":54,"column":74}},{"start":{"line":54,"column":4},"end":{"line":54,"column":74}}],"line":54},"6":{"loc":{"start":{"line":55,"column":4},"end":{"line":55,"column":51}},"type":"if","locations":[{"start":{"line":55,"column":4},"end":{"line":55,"column":51}},{"start":{"line":55,"column":4},"end":{"line":55,"column":51}}],"line":55},"7":{"loc":{"start":{"line":68,"column":4},"end":{"line":68,"column":78}},"type":"if","locations":[{"start":{"line":68,"column":4},"end":{"line":68,"column":78}},{"start":{"line":68,"column":4},"end":{"line":68,"column":78}}],"line":68},"8":{"loc":{"start":{"line":69,"column":4},"end":{"line":69,"column":74}},"type":"if","locations":[{"start":{"line":69,"column":4},"end":{"line":69,"column":74}},{"start":{"line":69,"column":4},"end":{"line":69,"column":74}}],"line":69},"9":{"loc":{"start":{"line":70,"column":4},"end":{"line":70,"column":48}},"type":"if","locations":[{"start":{"line":70,"column":4},"end":{"line":70,"column":48}},{"start":{"line":70,"column":4},"end":{"line":70,"column":48}}],"line":70}},"s":{"0":46,"1":46,"2":17,"3":17,"4":45,"5":45,"6":45,"7":15,"8":15,"9":42,"10":8,"11":2,"12":6,"13":1,"14":5,"15":5,"16":5,"17":5,"18":5,"19":2,"20":1,"21":2,"22":2,"23":2,"24":3,"25":3,"26":2,"27":4,"28":1,"29":3,"30":1,"31":2,"32":1,"33":1,"34":1,"35":1,"36":2,"37":2,"38":4,"39":1,"40":3,"41":1,"42":2,"43":1,"44":1,"45":1,"46":1,"47":1},"f":{"0":46,"1":17,"2":45,"3":15,"4":8,"5":2,"6":4,"7":2,"8":4},"b":{"0":[2,6],"1":[8,7],"2":[1,5],"3":[1,1],"4":[1,3],"5":[1,2],"6":[1,1],"7":[1,3],"8":[1,2],"9":[1,1]},"_coverageSchema":"1a1c01bbd47fc00a2c39e90264f33305004495a9","hash":"942b6619e65d4870f10f32d8d5b557dc6b34ee83"}
}
