TN:
SF:LinkedList.js
FN:2,(anonymous_0)
FN:9,(anonymous_1)
FN:14,(anonymous_2)
FN:20,(anonymous_3)
FN:26,(anonymous_4)
FN:39,(anonymous_5)
FN:52,(anonymous_6)
FN:62,(anonymous_7)
FN:67,(anonymous_8)
FNF:9
FNH:9
FNDA:46,(anonymous_0)
FNDA:17,(anonymous_1)
FNDA:45,(anonymous_2)
FNDA:15,(anonymous_3)
FNDA:8,(anonymous_4)
FNDA:2,(anonymous_5)
FNDA:4,(anonymous_6)
FNDA:2,(anonymous_7)
FNDA:4,(anonymous_8)
DA:3,46
DA:4,46
DA:10,17
DA:11,17
DA:15,45
DA:16,45
DA:17,45
DA:21,15
DA:22,42
DA:27,8
DA:28,6
DA:30,5
DA:32,5
DA:33,5
DA:36,5
DA:40,2
DA:42,2
DA:43,2
DA:44,2
DA:45,3
DA:46,3
DA:49,2
DA:53,4
DA:54,3
DA:55,2
DA:57,1
DA:58,1
DA:59,1
DA:63,2
DA:64,2
DA:68,4
DA:69,3
DA:70,2
DA:72,1
DA:73,1
DA:74,1
DA:78,1
LF:37
LH:37
BRDA:27,0,0,2
BRDA:27,0,1,6
BRDA:27,1,0,8
BRDA:27,1,1,7
BRDA:28,2,0,1
BRDA:28,2,1,5
BRDA:40,3,0,1
BRDA:40,3,1,1
BRDA:53,4,0,1
BRDA:53,4,1,3
BRDA:54,5,0,1
BRDA:54,5,1,2
BRDA:55,6,0,1
BRDA:55,6,1,1
BRDA:68,7,0,1
BRDA:68,7,1,3
BRDA:69,8,0,1
BRDA:69,8,1,2
BRDA:70,9,0,1
BRDA:70,9,1,1
BRF:20
BRH:20
end_of_record
